{"/Users/gilangpratama/Documents/nodejs-projects/bs-technical-demo/src/App.tsx": {"path":"/Users/gilangpratama/Documents/nodejs-projects/bs-technical-demo/src/App.tsx","all":false,"statementMap":{"0":{"start":{"line":1,"column":0},"end":{"line":1,"column":45}},"1":{"start":{"line":2,"column":0},"end":{"line":2,"column":36}},"3":{"start":{"line":4,"column":0},"end":{"line":4,"column":16}},"5":{"start":{"line":6,"column":0},"end":{"line":6,"column":12}},"6":{"start":{"line":7,"column":0},"end":{"line":7,"column":43}},"7":{"start":{"line":8,"column":0},"end":{"line":8,"column":13}},"11":{"start":{"line":12,"column":0},"end":{"line":12,"column":19}}},"s":{"0":1,"1":1,"3":1,"5":1,"6":1,"7":1,"11":1},"branchMap":{"0":{"type":"branch","line":4,"loc":{"start":{"line":4,"column":0},"end":{"line":8,"column":13}},"locations":[{"start":{"line":4,"column":0},"end":{"line":8,"column":13}}]}},"b":{"0":[1]},"fnMap":{"0":{"name":"App","decl":{"start":{"line":4,"column":0},"end":{"line":8,"column":13}},"loc":{"start":{"line":4,"column":0},"end":{"line":8,"column":13}},"line":4}},"f":{"0":1}}
,"/Users/gilangpratama/Documents/nodejs-projects/bs-technical-demo/src/app/pages/Home.tsx": {"path":"/Users/gilangpratama/Documents/nodejs-projects/bs-technical-demo/src/app/pages/Home.tsx","all":false,"statementMap":{"0":{"start":{"line":1,"column":0},"end":{"line":1,"column":68}},"1":{"start":{"line":2,"column":0},"end":{"line":2,"column":51}},"2":{"start":{"line":3,"column":0},"end":{"line":3,"column":60}},"3":{"start":{"line":4,"column":0},"end":{"line":4,"column":47}},"5":{"start":{"line":6,"column":0},"end":{"line":6,"column":61}},"6":{"start":{"line":7,"column":0},"end":{"line":7,"column":54}},"7":{"start":{"line":8,"column":0},"end":{"line":8,"column":57}},"8":{"start":{"line":9,"column":0},"end":{"line":9,"column":57}},"10":{"start":{"line":11,"column":0},"end":{"line":11,"column":24}},"11":{"start":{"line":12,"column":0},"end":{"line":12,"column":43}},"12":{"start":{"line":13,"column":0},"end":{"line":13,"column":55}},"13":{"start":{"line":14,"column":0},"end":{"line":14,"column":49}},"15":{"start":{"line":16,"column":0},"end":{"line":16,"column":19}},"16":{"start":{"line":17,"column":0},"end":{"line":17,"column":33}},"17":{"start":{"line":18,"column":0},"end":{"line":18,"column":64}},"18":{"start":{"line":19,"column":0},"end":{"line":19,"column":54}},"19":{"start":{"line":20,"column":0},"end":{"line":20,"column":21}},"20":{"start":{"line":21,"column":0},"end":{"line":21,"column":7}},"21":{"start":{"line":22,"column":0},"end":{"line":22,"column":21}},"24":{"start":{"line":25,"column":0},"end":{"line":25,"column":15}},"25":{"start":{"line":26,"column":0},"end":{"line":26,"column":15}},"26":{"start":{"line":27,"column":0},"end":{"line":27,"column":68}},"28":{"start":{"line":29,"column":0},"end":{"line":29,"column":13}},"29":{"start":{"line":30,"column":0},"end":{"line":30,"column":44}},"33":{"start":{"line":34,"column":0},"end":{"line":34,"column":14}},"34":{"start":{"line":35,"column":0},"end":{"line":35,"column":25}},"35":{"start":{"line":36,"column":0},"end":{"line":36,"column":37}},"36":{"start":{"line":37,"column":0},"end":{"line":37,"column":57}},"37":{"start":{"line":38,"column":0},"end":{"line":38,"column":46}},"38":{"start":{"line":39,"column":0},"end":{"line":39,"column":26}},"39":{"start":{"line":40,"column":0},"end":{"line":40,"column":16}},"40":{"start":{"line":41,"column":0},"end":{"line":41,"column":16}},"44":{"start":{"line":45,"column":0},"end":{"line":45,"column":20}}},"s":{"0":1,"1":1,"2":1,"3":1,"5":1,"6":1,"7":1,"8":1,"10":1,"11":3,"12":3,"13":1,"15":1,"16":1,"17":1,"18":1,"19":1,"20":1,"21":3,"24":1,"25":1,"26":1,"28":1,"29":1,"33":1,"34":1,"35":1,"36":2,"37":1,"38":2,"39":2,"40":2,"44":1},"branchMap":{"0":{"type":"branch","line":11,"loc":{"start":{"line":11,"column":17},"end":{"line":41,"column":16}},"locations":[{"start":{"line":11,"column":17},"end":{"line":41,"column":16}}]},"1":{"type":"branch","line":14,"loc":{"start":{"line":14,"column":-1},"end":{"line":14,"column":49}},"locations":[{"start":{"line":14,"column":-1},"end":{"line":14,"column":49}}]},"2":{"type":"branch","line":14,"loc":{"start":{"line":14,"column":47},"end":{"line":14,"column":49}},"locations":[{"start":{"line":14,"column":47},"end":{"line":14,"column":49}}]},"3":{"type":"branch","line":15,"loc":{"start":{"line":15,"column":-1},"end":{"line":22,"column":20}},"locations":[{"start":{"line":15,"column":-1},"end":{"line":22,"column":20}}]},"4":{"type":"branch","line":22,"loc":{"start":{"line":22,"column":19},"end":{"line":22,"column":21}},"locations":[{"start":{"line":22,"column":19},"end":{"line":22,"column":21}}]},"5":{"type":"branch","line":22,"loc":{"start":{"line":22,"column":20},"end":{"line":34,"column":14}},"locations":[{"start":{"line":22,"column":20},"end":{"line":34,"column":14}}]},"6":{"type":"branch","line":35,"loc":{"start":{"line":35,"column":-1},"end":{"line":36,"column":37}},"locations":[{"start":{"line":35,"column":-1},"end":{"line":36,"column":37}}]},"7":{"type":"branch","line":37,"loc":{"start":{"line":37,"column":-1},"end":{"line":37,"column":57}},"locations":[{"start":{"line":37,"column":-1},"end":{"line":37,"column":57}}]},"8":{"type":"branch","line":38,"loc":{"start":{"line":38,"column":-1},"end":{"line":38,"column":46}},"locations":[{"start":{"line":38,"column":-1},"end":{"line":38,"column":46}}]},"9":{"type":"branch","line":39,"loc":{"start":{"line":39,"column":-1},"end":{"line":41,"column":16}},"locations":[{"start":{"line":39,"column":-1},"end":{"line":41,"column":16}}]},"10":{"type":"branch","line":16,"loc":{"start":{"line":16,"column":12},"end":{"line":21,"column":7}},"locations":[{"start":{"line":16,"column":12},"end":{"line":21,"column":7}}]},"11":{"type":"branch","line":17,"loc":{"start":{"line":17,"column":19},"end":{"line":20,"column":21}},"locations":[{"start":{"line":17,"column":19},"end":{"line":20,"column":21}}]},"12":{"type":"branch","line":19,"loc":{"start":{"line":19,"column":52},"end":{"line":20,"column":20}},"locations":[{"start":{"line":19,"column":52},"end":{"line":20,"column":20}}]}},"b":{"0":[3],"1":[1],"2":[2],"3":[1],"4":[2],"5":[1],"6":[1],"7":[2],"8":[1],"9":[2],"10":[1],"11":[1],"12":[0]},"fnMap":{"0":{"name":"Home","decl":{"start":{"line":11,"column":17},"end":{"line":41,"column":16}},"loc":{"start":{"line":11,"column":17},"end":{"line":41,"column":16}},"line":11},"1":{"name":"t1","decl":{"start":{"line":16,"column":12},"end":{"line":21,"column":7}},"loc":{"start":{"line":16,"column":12},"end":{"line":21,"column":7}},"line":16}},"f":{"0":3,"1":1}}
,"/Users/gilangpratama/Documents/nodejs-projects/bs-technical-demo/src/app/shared/repositories/items.ts": {"path":"/Users/gilangpratama/Documents/nodejs-projects/bs-technical-demo/src/app/shared/repositories/items.ts","all":false,"statementMap":{"0":{"start":{"line":1,"column":0},"end":{"line":1,"column":38}},"13":{"start":{"line":14,"column":0},"end":{"line":14,"column":37}},"14":{"start":{"line":15,"column":0},"end":{"line":15,"column":13}},"15":{"start":{"line":16,"column":0},"end":{"line":16,"column":13}},"16":{"start":{"line":17,"column":0},"end":{"line":17,"column":14}},"17":{"start":{"line":18,"column":0},"end":{"line":18,"column":18}},"18":{"start":{"line":19,"column":0},"end":{"line":19,"column":16}},"19":{"start":{"line":20,"column":0},"end":{"line":20,"column":19}},"20":{"start":{"line":21,"column":0},"end":{"line":21,"column":44}},"22":{"start":{"line":23,"column":0},"end":{"line":23,"column":60}},"24":{"start":{"line":25,"column":0},"end":{"line":25,"column":39}},"25":{"start":{"line":26,"column":0},"end":{"line":26,"column":48}},"27":{"start":{"line":28,"column":0},"end":{"line":28,"column":49}},"29":{"start":{"line":30,"column":0},"end":{"line":30,"column":14}},"30":{"start":{"line":31,"column":0},"end":{"line":31,"column":35}},"31":{"start":{"line":32,"column":0},"end":{"line":32,"column":21}},"32":{"start":{"line":33,"column":0},"end":{"line":33,"column":48}},"33":{"start":{"line":34,"column":0},"end":{"line":34,"column":48}},"35":{"start":{"line":36,"column":0},"end":{"line":36,"column":65}},"36":{"start":{"line":37,"column":0},"end":{"line":37,"column":68}},"37":{"start":{"line":38,"column":0},"end":{"line":38,"column":68}},"39":{"start":{"line":40,"column":0},"end":{"line":40,"column":69}},"40":{"start":{"line":41,"column":0},"end":{"line":41,"column":56}},"41":{"start":{"line":42,"column":0},"end":{"line":42,"column":62}},"42":{"start":{"line":43,"column":0},"end":{"line":43,"column":7}},"44":{"start":{"line":45,"column":0},"end":{"line":45,"column":63}},"45":{"start":{"line":46,"column":0},"end":{"line":46,"column":63}},"46":{"start":{"line":47,"column":0},"end":{"line":47,"column":15}},"47":{"start":{"line":48,"column":0},"end":{"line":48,"column":6}},"48":{"start":{"line":49,"column":0},"end":{"line":49,"column":35}},"50":{"start":{"line":51,"column":0},"end":{"line":51,"column":40}},"51":{"start":{"line":52,"column":0},"end":{"line":52,"column":76}},"52":{"start":{"line":53,"column":0},"end":{"line":53,"column":72}},"53":{"start":{"line":54,"column":0},"end":{"line":54,"column":30}},"54":{"start":{"line":55,"column":0},"end":{"line":55,"column":34}},"55":{"start":{"line":56,"column":0},"end":{"line":56,"column":46}},"56":{"start":{"line":57,"column":0},"end":{"line":57,"column":45}},"57":{"start":{"line":58,"column":0},"end":{"line":58,"column":38}},"58":{"start":{"line":59,"column":0},"end":{"line":59,"column":5}},"59":{"start":{"line":60,"column":0},"end":{"line":60,"column":60}},"60":{"start":{"line":61,"column":0},"end":{"line":61,"column":3}},"61":{"start":{"line":62,"column":0},"end":{"line":62,"column":2}},"63":{"start":{"line":64,"column":0},"end":{"line":64,"column":36}},"64":{"start":{"line":65,"column":0},"end":{"line":65,"column":37}},"65":{"start":{"line":66,"column":0},"end":{"line":66,"column":76}},"66":{"start":{"line":67,"column":0},"end":{"line":67,"column":31}},"67":{"start":{"line":68,"column":0},"end":{"line":68,"column":12}},"68":{"start":{"line":69,"column":0},"end":{"line":69,"column":44}},"69":{"start":{"line":70,"column":0},"end":{"line":70,"column":6}},"70":{"start":{"line":71,"column":0},"end":{"line":71,"column":2}},"72":{"start":{"line":73,"column":0},"end":{"line":73,"column":67}},"73":{"start":{"line":74,"column":0},"end":{"line":74,"column":76}},"75":{"start":{"line":76,"column":0},"end":{"line":76,"column":17}},"76":{"start":{"line":77,"column":0},"end":{"line":77,"column":25}},"77":{"start":{"line":78,"column":0},"end":{"line":78,"column":10}},"78":{"start":{"line":79,"column":0},"end":{"line":79,"column":51}},"79":{"start":{"line":80,"column":0},"end":{"line":80,"column":3}},"81":{"start":{"line":82,"column":0},"end":{"line":82,"column":65}},"82":{"start":{"line":83,"column":0},"end":{"line":83,"column":2}},"84":{"start":{"line":85,"column":0},"end":{"line":85,"column":37}},"85":{"start":{"line":86,"column":0},"end":{"line":86,"column":37}},"86":{"start":{"line":87,"column":0},"end":{"line":87,"column":65}},"87":{"start":{"line":88,"column":0},"end":{"line":88,"column":2}}},"s":{"0":1,"13":1,"14":16,"15":16,"16":16,"17":16,"18":16,"19":16,"20":16,"22":16,"24":15,"25":15,"27":15,"29":15,"30":15,"31":15,"32":290,"33":290,"35":290,"36":290,"37":290,"39":290,"40":113,"41":113,"42":113,"44":290,"45":43,"46":0,"47":15,"48":15,"50":15,"51":225,"52":225,"53":225,"54":225,"55":15,"56":225,"57":15,"58":15,"59":225,"60":225,"61":15,"63":1,"64":15,"65":15,"66":15,"67":225,"68":225,"69":15,"70":15,"72":1,"73":1,"75":1,"76":1,"77":1,"78":0,"79":0,"81":1,"82":1,"84":1,"85":5,"86":5,"87":5},"branchMap":{"0":{"type":"branch","line":14,"loc":{"start":{"line":14,"column":29},"end":{"line":62,"column":2}},"locations":[{"start":{"line":14,"column":29},"end":{"line":62,"column":2}}]},"1":{"type":"branch","line":23,"loc":{"start":{"line":23,"column":58},"end":{"line":62,"column":2}},"locations":[{"start":{"line":23,"column":58},"end":{"line":62,"column":2}}]},"2":{"type":"branch","line":23,"loc":{"start":{"line":23,"column":21},"end":{"line":23,"column":58}},"locations":[{"start":{"line":23,"column":21},"end":{"line":23,"column":58}}]},"3":{"type":"branch","line":31,"loc":{"start":{"line":31,"column":13},"end":{"line":31,"column":34}},"locations":[{"start":{"line":31,"column":13},"end":{"line":31,"column":34}}]},"4":{"type":"branch","line":32,"loc":{"start":{"line":32,"column":10},"end":{"line":48,"column":5}},"locations":[{"start":{"line":32,"column":10},"end":{"line":48,"column":5}}]},"5":{"type":"branch","line":36,"loc":{"start":{"line":36,"column":21},"end":{"line":36,"column":56}},"locations":[{"start":{"line":36,"column":21},"end":{"line":36,"column":56}}]},"6":{"type":"branch","line":36,"loc":{"start":{"line":36,"column":56},"end":{"line":36,"column":65}},"locations":[{"start":{"line":36,"column":56},"end":{"line":36,"column":65}}]},"7":{"type":"branch","line":36,"loc":{"start":{"line":36,"column":63},"end":{"line":37,"column":39}},"locations":[{"start":{"line":36,"column":63},"end":{"line":37,"column":39}}]},"8":{"type":"branch","line":37,"loc":{"start":{"line":37,"column":32},"end":{"line":37,"column":68}},"locations":[{"start":{"line":37,"column":32},"end":{"line":37,"column":68}}]},"9":{"type":"branch","line":37,"loc":{"start":{"line":37,"column":65},"end":{"line":38,"column":39}},"locations":[{"start":{"line":37,"column":65},"end":{"line":38,"column":39}}]},"10":{"type":"branch","line":38,"loc":{"start":{"line":38,"column":32},"end":{"line":38,"column":68}},"locations":[{"start":{"line":38,"column":32},"end":{"line":38,"column":68}}]},"11":{"type":"branch","line":38,"loc":{"start":{"line":38,"column":66},"end":{"line":40,"column":40}},"locations":[{"start":{"line":38,"column":66},"end":{"line":40,"column":40}}]},"12":{"type":"branch","line":40,"loc":{"start":{"line":40,"column":28},"end":{"line":40,"column":68}},"locations":[{"start":{"line":40,"column":28},"end":{"line":40,"column":68}}]},"13":{"type":"branch","line":40,"loc":{"start":{"line":40,"column":68},"end":{"line":43,"column":7}},"locations":[{"start":{"line":40,"column":68},"end":{"line":43,"column":7}}]},"14":{"type":"branch","line":42,"loc":{"start":{"line":42,"column":29},"end":{"line":42,"column":50}},"locations":[{"start":{"line":42,"column":29},"end":{"line":42,"column":50}}]},"15":{"type":"branch","line":42,"loc":{"start":{"line":42,"column":37},"end":{"line":42,"column":62}},"locations":[{"start":{"line":42,"column":37},"end":{"line":42,"column":62}}]},"16":{"type":"branch","line":43,"loc":{"start":{"line":43,"column":6},"end":{"line":45,"column":34}},"locations":[{"start":{"line":43,"column":6},"end":{"line":45,"column":34}}]},"17":{"type":"branch","line":45,"loc":{"start":{"line":45,"column":27},"end":{"line":45,"column":63}},"locations":[{"start":{"line":45,"column":27},"end":{"line":45,"column":63}}]},"18":{"type":"branch","line":45,"loc":{"start":{"line":45,"column":48},"end":{"line":45,"column":60}},"locations":[{"start":{"line":45,"column":48},"end":{"line":45,"column":60}}]},"19":{"type":"branch","line":45,"loc":{"start":{"line":45,"column":56},"end":{"line":45,"column":63}},"locations":[{"start":{"line":45,"column":56},"end":{"line":45,"column":63}}]},"20":{"type":"branch","line":45,"loc":{"start":{"line":45,"column":60},"end":{"line":46,"column":63}},"locations":[{"start":{"line":45,"column":60},"end":{"line":46,"column":63}}]},"21":{"type":"branch","line":46,"loc":{"start":{"line":46,"column":48},"end":{"line":46,"column":61}},"locations":[{"start":{"line":46,"column":48},"end":{"line":46,"column":61}}]},"22":{"type":"branch","line":46,"loc":{"start":{"line":46,"column":56},"end":{"line":46,"column":63}},"locations":[{"start":{"line":46,"column":56},"end":{"line":46,"column":63}}]},"23":{"type":"branch","line":46,"loc":{"start":{"line":46,"column":61},"end":{"line":47,"column":15}},"locations":[{"start":{"line":46,"column":61},"end":{"line":47,"column":15}}]},"24":{"type":"branch","line":51,"loc":{"start":{"line":51,"column":2},"end":{"line":61,"column":3}},"locations":[{"start":{"line":51,"column":2},"end":{"line":61,"column":3}}]},"25":{"type":"branch","line":53,"loc":{"start":{"line":53,"column":27},"end":{"line":53,"column":67}},"locations":[{"start":{"line":53,"column":27},"end":{"line":53,"column":67}}]},"26":{"type":"branch","line":53,"loc":{"start":{"line":53,"column":56},"end":{"line":53,"column":72}},"locations":[{"start":{"line":53,"column":56},"end":{"line":53,"column":72}}]},"27":{"type":"branch","line":55,"loc":{"start":{"line":55,"column":33},"end":{"line":57,"column":15}},"locations":[{"start":{"line":55,"column":33},"end":{"line":57,"column":15}}]},"28":{"type":"branch","line":57,"loc":{"start":{"line":57,"column":4},"end":{"line":59,"column":5}},"locations":[{"start":{"line":57,"column":4},"end":{"line":59,"column":5}}]},"29":{"type":"branch","line":57,"loc":{"start":{"line":57,"column":44},"end":{"line":59,"column":5}},"locations":[{"start":{"line":57,"column":44},"end":{"line":59,"column":5}}]},"30":{"type":"branch","line":60,"loc":{"start":{"line":60,"column":11},"end":{"line":60,"column":45}},"locations":[{"start":{"line":60,"column":11},"end":{"line":60,"column":45}}]},"31":{"type":"branch","line":60,"loc":{"start":{"line":60,"column":27},"end":{"line":60,"column":60}},"locations":[{"start":{"line":60,"column":27},"end":{"line":60,"column":60}}]},"32":{"type":"branch","line":64,"loc":{"start":{"line":64,"column":29},"end":{"line":71,"column":2}},"locations":[{"start":{"line":64,"column":29},"end":{"line":71,"column":2}}]},"33":{"type":"branch","line":66,"loc":{"start":{"line":66,"column":65},"end":{"line":66,"column":74}},"locations":[{"start":{"line":66,"column":65},"end":{"line":66,"column":74}}]},"34":{"type":"branch","line":67,"loc":{"start":{"line":67,"column":20},"end":{"line":70,"column":4}},"locations":[{"start":{"line":67,"column":20},"end":{"line":70,"column":4}}]},"35":{"type":"branch","line":73,"loc":{"start":{"line":73,"column":31},"end":{"line":83,"column":2}},"locations":[{"start":{"line":73,"column":31},"end":{"line":83,"column":2}}]},"36":{"type":"branch","line":78,"loc":{"start":{"line":78,"column":2},"end":{"line":80,"column":3}},"locations":[{"start":{"line":78,"column":2},"end":{"line":80,"column":3}}]},"37":{"type":"branch","line":85,"loc":{"start":{"line":85,"column":30},"end":{"line":88,"column":2}},"locations":[{"start":{"line":85,"column":30},"end":{"line":88,"column":2}}]},"38":{"type":"branch","line":87,"loc":{"start":{"line":87,"column":39},"end":{"line":87,"column":61}},"locations":[{"start":{"line":87,"column":39},"end":{"line":87,"column":61}}]}},"b":{"0":[16],"1":[15],"2":[16],"3":[225],"4":[290],"5":[14],"6":[14],"7":[276],"8":[0],"9":[276],"10":[0],"11":[276],"12":[113],"13":[113],"14":[71],"15":[42],"16":[163],"17":[120],"18":[102],"19":[18],"20":[43],"21":[22],"22":[21],"23":[0],"24":[225],"25":[15],"26":[210],"27":[15],"28":[210],"29":[15],"30":[209],"31":[198],"32":[15],"33":[13],"34":[225],"35":[1],"36":[0],"37":[5],"38":[75]},"fnMap":{"0":{"name":"findManyItems","decl":{"start":{"line":14,"column":29},"end":{"line":62,"column":2}},"loc":{"start":{"line":14,"column":29},"end":{"line":62,"column":2}},"line":14},"1":{"name":"filter","decl":{"start":{"line":51,"column":2},"end":{"line":61,"column":3}},"loc":{"start":{"line":51,"column":2},"end":{"line":61,"column":3}},"line":51},"2":{"name":"getItemsWithFavorite","decl":{"start":{"line":64,"column":29},"end":{"line":71,"column":2}},"loc":{"start":{"line":64,"column":29},"end":{"line":71,"column":2}},"line":64},"3":{"name":"setFavoriteItem","decl":{"start":{"line":73,"column":31},"end":{"line":83,"column":2}},"loc":{"start":{"line":73,"column":31},"end":{"line":83,"column":2}},"line":73},"4":{"name":"findCategories","decl":{"start":{"line":85,"column":30},"end":{"line":88,"column":2}},"loc":{"start":{"line":85,"column":30},"end":{"line":88,"column":2}},"line":85}},"f":{"0":16,"1":225,"2":15,"3":1,"4":5}}
,"/Users/gilangpratama/Documents/nodejs-projects/bs-technical-demo/src/app/shared/types/common.ts": {"path":"/Users/gilangpratama/Documents/nodejs-projects/bs-technical-demo/src/app/shared/types/common.ts","all":true,"statementMap":{},"s":{},"branchMap":{"0":{"type":"branch","line":1,"loc":{"start":{"line":1,"column":111},"end":{"line":5,"column":1}},"locations":[{"start":{"line":1,"column":111},"end":{"line":5,"column":1}}]}},"b":{"0":[1]},"fnMap":{"0":{"name":"(empty-report)","decl":{"start":{"line":1,"column":111},"end":{"line":5,"column":1}},"loc":{"start":{"line":1,"column":111},"end":{"line":5,"column":1}},"line":1}},"f":{"0":1}}
,"/Users/gilangpratama/Documents/nodejs-projects/bs-technical-demo/src/app/shared/types/items.ts": {"path":"/Users/gilangpratama/Documents/nodejs-projects/bs-technical-demo/src/app/shared/types/items.ts","all":true,"statementMap":{},"s":{},"branchMap":{"0":{"type":"branch","line":1,"loc":{"start":{"line":1,"column":132},"end":{"line":8,"column":1}},"locations":[{"start":{"line":1,"column":132},"end":{"line":8,"column":1}}]}},"b":{"0":[1]},"fnMap":{"0":{"name":"(empty-report)","decl":{"start":{"line":1,"column":132},"end":{"line":8,"column":1}},"loc":{"start":{"line":1,"column":132},"end":{"line":8,"column":1}},"line":1}},"f":{"0":1}}
,"/Users/gilangpratama/Documents/nodejs-projects/bs-technical-demo/src/app/shared/ui/actions/items.tsx": {"path":"/Users/gilangpratama/Documents/nodejs-projects/bs-technical-demo/src/app/shared/ui/actions/items.tsx","all":false,"statementMap":{"0":{"start":{"line":1,"column":0},"end":{"line":1,"column":66}},"1":{"start":{"line":2,"column":0},"end":{"line":2,"column":47}},"2":{"start":{"line":3,"column":0},"end":{"line":3,"column":52}},"3":{"start":{"line":4,"column":0},"end":{"line":4,"column":54}},"4":{"start":{"line":5,"column":0},"end":{"line":5,"column":55}},"5":{"start":{"line":6,"column":0},"end":{"line":6,"column":58}},"6":{"start":{"line":7,"column":0},"end":{"line":7,"column":74}},"8":{"start":{"line":9,"column":0},"end":{"line":9,"column":69}},"9":{"start":{"line":10,"column":0},"end":{"line":10,"column":12}},"10":{"start":{"line":11,"column":0},"end":{"line":11,"column":10}},"11":{"start":{"line":12,"column":0},"end":{"line":12,"column":7}},"12":{"start":{"line":13,"column":0},"end":{"line":13,"column":60}},"13":{"start":{"line":14,"column":0},"end":{"line":14,"column":46}},"14":{"start":{"line":15,"column":0},"end":{"line":15,"column":12}},"15":{"start":{"line":16,"column":0},"end":{"line":16,"column":41}},"16":{"start":{"line":17,"column":0},"end":{"line":17,"column":41}},"18":{"start":{"line":19,"column":0},"end":{"line":19,"column":21}},"20":{"start":{"line":21,"column":0},"end":{"line":21,"column":36}},"21":{"start":{"line":22,"column":0},"end":{"line":22,"column":28}},"22":{"start":{"line":23,"column":0},"end":{"line":23,"column":9}},"24":{"start":{"line":25,"column":0},"end":{"line":25,"column":73}},"25":{"start":{"line":26,"column":0},"end":{"line":26,"column":36}},"26":{"start":{"line":27,"column":0},"end":{"line":27,"column":65}},"27":{"start":{"line":28,"column":0},"end":{"line":28,"column":34}},"28":{"start":{"line":29,"column":0},"end":{"line":29,"column":4}},"30":{"start":{"line":31,"column":0},"end":{"line":31,"column":71}},"31":{"start":{"line":32,"column":0},"end":{"line":32,"column":36}},"32":{"start":{"line":33,"column":0},"end":{"line":33,"column":65}},"33":{"start":{"line":34,"column":0},"end":{"line":34,"column":34}},"34":{"start":{"line":35,"column":0},"end":{"line":35,"column":4}},"36":{"start":{"line":37,"column":0},"end":{"line":37,"column":61}},"37":{"start":{"line":38,"column":0},"end":{"line":38,"column":60}},"38":{"start":{"line":39,"column":0},"end":{"line":39,"column":34}},"39":{"start":{"line":40,"column":0},"end":{"line":40,"column":10}},"41":{"start":{"line":42,"column":0},"end":{"line":42,"column":10}},"42":{"start":{"line":43,"column":0},"end":{"line":43,"column":26}},"43":{"start":{"line":44,"column":0},"end":{"line":44,"column":75}},"44":{"start":{"line":45,"column":0},"end":{"line":45,"column":50}},"45":{"start":{"line":46,"column":0},"end":{"line":46,"column":17}},"46":{"start":{"line":47,"column":0},"end":{"line":47,"column":35}},"47":{"start":{"line":48,"column":0},"end":{"line":48,"column":37}},"48":{"start":{"line":49,"column":0},"end":{"line":49,"column":40}},"50":{"start":{"line":51,"column":0},"end":{"line":51,"column":44}},"51":{"start":{"line":52,"column":0},"end":{"line":52,"column":54}},"52":{"start":{"line":53,"column":0},"end":{"line":53,"column":62}},"53":{"start":{"line":54,"column":0},"end":{"line":54,"column":19}},"54":{"start":{"line":55,"column":0},"end":{"line":55,"column":17}},"55":{"start":{"line":56,"column":0},"end":{"line":56,"column":27}},"56":{"start":{"line":57,"column":0},"end":{"line":57,"column":25}},"57":{"start":{"line":58,"column":0},"end":{"line":58,"column":39}},"58":{"start":{"line":59,"column":0},"end":{"line":59,"column":35}},"59":{"start":{"line":60,"column":0},"end":{"line":60,"column":40}},"61":{"start":{"line":62,"column":0},"end":{"line":62,"column":52}},"62":{"start":{"line":63,"column":0},"end":{"line":63,"column":43}},"63":{"start":{"line":64,"column":0},"end":{"line":64,"column":54}},"64":{"start":{"line":65,"column":0},"end":{"line":65,"column":26}},"65":{"start":{"line":66,"column":0},"end":{"line":66,"column":23}},"66":{"start":{"line":67,"column":0},"end":{"line":67,"column":15}},"67":{"start":{"line":68,"column":0},"end":{"line":68,"column":19}},"68":{"start":{"line":69,"column":0},"end":{"line":69,"column":14}},"69":{"start":{"line":70,"column":0},"end":{"line":70,"column":14}},"70":{"start":{"line":71,"column":0},"end":{"line":71,"column":23}},"71":{"start":{"line":72,"column":0},"end":{"line":72,"column":33}},"72":{"start":{"line":73,"column":0},"end":{"line":73,"column":57}},"73":{"start":{"line":74,"column":0},"end":{"line":74,"column":28}},"74":{"start":{"line":75,"column":0},"end":{"line":75,"column":38}},"75":{"start":{"line":76,"column":0},"end":{"line":76,"column":12}},"76":{"start":{"line":77,"column":0},"end":{"line":77,"column":35}},"78":{"start":{"line":79,"column":0},"end":{"line":79,"column":12}},"79":{"start":{"line":80,"column":0},"end":{"line":80,"column":10}},"81":{"start":{"line":82,"column":0},"end":{"line":82,"column":2}}},"s":{"0":1,"1":1,"2":1,"3":1,"4":1,"5":1,"6":1,"8":1,"9":5,"10":5,"11":5,"12":5,"13":5,"14":5,"15":5,"16":5,"18":5,"20":5,"21":5,"22":5,"24":5,"25":1,"26":1,"27":1,"28":1,"30":5,"31":1,"32":1,"33":1,"34":1,"36":5,"37":0,"38":0,"39":5,"41":5,"42":5,"43":5,"44":5,"45":5,"46":5,"47":5,"48":5,"50":5,"51":5,"52":5,"53":5,"54":5,"55":5,"56":5,"57":5,"58":5,"59":5,"61":5,"62":5,"63":20,"64":20,"65":20,"66":5,"67":5,"68":5,"69":5,"70":5,"71":5,"72":5,"73":5,"74":1,"75":1,"76":5,"78":5,"79":5,"81":5},"branchMap":{"0":{"type":"branch","line":9,"loc":{"start":{"line":9,"column":67},"end":{"line":82,"column":2}},"locations":[{"start":{"line":9,"column":67},"end":{"line":82,"column":2}}]},"1":{"type":"branch","line":14,"loc":{"start":{"line":14,"column":39},"end":{"line":19,"column":5}},"locations":[{"start":{"line":14,"column":39},"end":{"line":19,"column":5}}]},"2":{"type":"branch","line":16,"loc":{"start":{"line":16,"column":33},"end":{"line":16,"column":41}},"locations":[{"start":{"line":16,"column":33},"end":{"line":16,"column":41}}]},"3":{"type":"branch","line":17,"loc":{"start":{"line":17,"column":33},"end":{"line":17,"column":40}},"locations":[{"start":{"line":17,"column":33},"end":{"line":17,"column":40}}]},"4":{"type":"branch","line":21,"loc":{"start":{"line":21,"column":29},"end":{"line":23,"column":5}},"locations":[{"start":{"line":21,"column":29},"end":{"line":23,"column":5}}]},"5":{"type":"branch","line":25,"loc":{"start":{"line":25,"column":27},"end":{"line":29,"column":4}},"locations":[{"start":{"line":25,"column":27},"end":{"line":29,"column":4}}]},"6":{"type":"branch","line":31,"loc":{"start":{"line":31,"column":25},"end":{"line":35,"column":4}},"locations":[{"start":{"line":31,"column":25},"end":{"line":35,"column":4}}]},"7":{"type":"branch","line":63,"loc":{"start":{"line":63,"column":29},"end":{"line":66,"column":23}},"locations":[{"start":{"line":63,"column":29},"end":{"line":66,"column":23}}]},"8":{"type":"branch","line":74,"loc":{"start":{"line":74,"column":21},"end":{"line":76,"column":12}},"locations":[{"start":{"line":74,"column":21},"end":{"line":76,"column":12}}]}},"b":{"0":[5],"1":[5],"2":[4],"3":[3],"4":[5],"5":[1],"6":[1],"7":[20],"8":[1]},"fnMap":{"0":{"name":"ItemActions","decl":{"start":{"line":9,"column":67},"end":{"line":82,"column":2}},"loc":{"start":{"line":9,"column":67},"end":{"line":82,"column":2}},"line":9},"1":{"name":"handleCategories","decl":{"start":{"line":25,"column":27},"end":{"line":29,"column":4}},"loc":{"start":{"line":25,"column":27},"end":{"line":29,"column":4}},"line":25},"2":{"name":"handleFavorite","decl":{"start":{"line":31,"column":25},"end":{"line":35,"column":4}},"loc":{"start":{"line":31,"column":25},"end":{"line":35,"column":4}},"line":31},"3":{"name":"onChange","decl":{"start":{"line":74,"column":21},"end":{"line":76,"column":12}},"loc":{"start":{"line":74,"column":21},"end":{"line":76,"column":12}},"line":74}},"f":{"0":5,"1":1,"2":1,"3":1}}
,"/Users/gilangpratama/Documents/nodejs-projects/bs-technical-demo/src/app/shared/ui/tables/items.tsx": {"path":"/Users/gilangpratama/Documents/nodejs-projects/bs-technical-demo/src/app/shared/ui/tables/items.tsx","all":false,"statementMap":{"0":{"start":{"line":1,"column":0},"end":{"line":1,"column":51}},"2":{"start":{"line":3,"column":0},"end":{"line":3,"column":47}},"3":{"start":{"line":4,"column":0},"end":{"line":4,"column":70}},"4":{"start":{"line":5,"column":0},"end":{"line":5,"column":59}},"11":{"start":{"line":12,"column":0},"end":{"line":12,"column":78}},"12":{"start":{"line":13,"column":0},"end":{"line":13,"column":60}},"13":{"start":{"line":14,"column":0},"end":{"line":14,"column":78}},"15":{"start":{"line":16,"column":0},"end":{"line":16,"column":51}},"16":{"start":{"line":17,"column":0},"end":{"line":17,"column":49}},"17":{"start":{"line":18,"column":0},"end":{"line":18,"column":23}},"18":{"start":{"line":19,"column":0},"end":{"line":19,"column":54}},"20":{"start":{"line":21,"column":0},"end":{"line":21,"column":68}},"21":{"start":{"line":22,"column":0},"end":{"line":22,"column":33}},"22":{"start":{"line":23,"column":0},"end":{"line":23,"column":40}},"23":{"start":{"line":24,"column":0},"end":{"line":24,"column":43}},"25":{"start":{"line":26,"column":0},"end":{"line":26,"column":55}},"27":{"start":{"line":28,"column":0},"end":{"line":28,"column":52}},"28":{"start":{"line":29,"column":0},"end":{"line":29,"column":4}},"30":{"start":{"line":31,"column":0},"end":{"line":31,"column":42}},"31":{"start":{"line":32,"column":0},"end":{"line":32,"column":28}},"32":{"start":{"line":33,"column":0},"end":{"line":33,"column":34}},"33":{"start":{"line":34,"column":0},"end":{"line":34,"column":3}},"36":{"start":{"line":37,"column":0},"end":{"line":37,"column":80}},"37":{"start":{"line":38,"column":0},"end":{"line":38,"column":13}},"38":{"start":{"line":39,"column":0},"end":{"line":39,"column":36}},"39":{"start":{"line":40,"column":0},"end":{"line":40,"column":13}},"40":{"start":{"line":41,"column":0},"end":{"line":41,"column":83}},"41":{"start":{"line":42,"column":0},"end":{"line":42,"column":50}},"43":{"start":{"line":44,"column":0},"end":{"line":44,"column":34}},"44":{"start":{"line":45,"column":0},"end":{"line":45,"column":20}},"45":{"start":{"line":46,"column":0},"end":{"line":46,"column":52}},"46":{"start":{"line":47,"column":0},"end":{"line":47,"column":58}},"47":{"start":{"line":48,"column":0},"end":{"line":48,"column":18}},"48":{"start":{"line":49,"column":0},"end":{"line":49,"column":53}},"49":{"start":{"line":50,"column":0},"end":{"line":50,"column":56}},"50":{"start":{"line":51,"column":0},"end":{"line":51,"column":18}},"51":{"start":{"line":52,"column":0},"end":{"line":52,"column":21}},"52":{"start":{"line":53,"column":0},"end":{"line":53,"column":35}},"53":{"start":{"line":54,"column":0},"end":{"line":54,"column":18}},"54":{"start":{"line":55,"column":0},"end":{"line":55,"column":15}},"55":{"start":{"line":56,"column":0},"end":{"line":56,"column":13}},"56":{"start":{"line":57,"column":0},"end":{"line":57,"column":82}},"57":{"start":{"line":58,"column":0},"end":{"line":58,"column":46}},"59":{"start":{"line":60,"column":0},"end":{"line":60,"column":34}},"60":{"start":{"line":61,"column":0},"end":{"line":61,"column":20}},"61":{"start":{"line":62,"column":0},"end":{"line":62,"column":48}},"62":{"start":{"line":63,"column":0},"end":{"line":63,"column":58}},"63":{"start":{"line":64,"column":0},"end":{"line":64,"column":18}},"64":{"start":{"line":65,"column":0},"end":{"line":65,"column":49}},"65":{"start":{"line":66,"column":0},"end":{"line":66,"column":56}},"66":{"start":{"line":67,"column":0},"end":{"line":67,"column":18}},"67":{"start":{"line":68,"column":0},"end":{"line":68,"column":21}},"68":{"start":{"line":69,"column":0},"end":{"line":69,"column":36}},"69":{"start":{"line":70,"column":0},"end":{"line":70,"column":18}},"70":{"start":{"line":71,"column":0},"end":{"line":71,"column":15}},"71":{"start":{"line":72,"column":0},"end":{"line":72,"column":13}},"72":{"start":{"line":73,"column":0},"end":{"line":73,"column":82}},"73":{"start":{"line":74,"column":0},"end":{"line":74,"column":48}},"75":{"start":{"line":76,"column":0},"end":{"line":76,"column":34}},"76":{"start":{"line":77,"column":0},"end":{"line":77,"column":20}},"77":{"start":{"line":78,"column":0},"end":{"line":78,"column":50}},"78":{"start":{"line":79,"column":0},"end":{"line":79,"column":58}},"79":{"start":{"line":80,"column":0},"end":{"line":80,"column":18}},"80":{"start":{"line":81,"column":0},"end":{"line":81,"column":51}},"81":{"start":{"line":82,"column":0},"end":{"line":82,"column":56}},"82":{"start":{"line":83,"column":0},"end":{"line":83,"column":18}},"83":{"start":{"line":84,"column":0},"end":{"line":84,"column":21}},"84":{"start":{"line":85,"column":0},"end":{"line":85,"column":33}},"85":{"start":{"line":86,"column":0},"end":{"line":86,"column":18}},"86":{"start":{"line":87,"column":0},"end":{"line":87,"column":15}},"87":{"start":{"line":88,"column":0},"end":{"line":88,"column":13}},"88":{"start":{"line":89,"column":0},"end":{"line":89,"column":82}},"89":{"start":{"line":90,"column":0},"end":{"line":90,"column":50}},"91":{"start":{"line":92,"column":0},"end":{"line":92,"column":34}},"92":{"start":{"line":93,"column":0},"end":{"line":93,"column":20}},"93":{"start":{"line":94,"column":0},"end":{"line":94,"column":52}},"94":{"start":{"line":95,"column":0},"end":{"line":95,"column":58}},"95":{"start":{"line":96,"column":0},"end":{"line":96,"column":18}},"96":{"start":{"line":97,"column":0},"end":{"line":97,"column":53}},"97":{"start":{"line":98,"column":0},"end":{"line":98,"column":56}},"98":{"start":{"line":99,"column":0},"end":{"line":99,"column":18}},"99":{"start":{"line":100,"column":0},"end":{"line":100,"column":21}},"100":{"start":{"line":101,"column":0},"end":{"line":101,"column":35}},"101":{"start":{"line":102,"column":0},"end":{"line":102,"column":18}},"102":{"start":{"line":103,"column":0},"end":{"line":103,"column":15}},"103":{"start":{"line":104,"column":0},"end":{"line":104,"column":13}},"104":{"start":{"line":105,"column":0},"end":{"line":105,"column":80}},"105":{"start":{"line":106,"column":0},"end":{"line":106,"column":47}},"107":{"start":{"line":108,"column":0},"end":{"line":108,"column":50}},"108":{"start":{"line":109,"column":0},"end":{"line":109,"column":20}},"109":{"start":{"line":110,"column":0},"end":{"line":110,"column":49}},"110":{"start":{"line":111,"column":0},"end":{"line":111,"column":58}},"111":{"start":{"line":112,"column":0},"end":{"line":112,"column":18}},"112":{"start":{"line":113,"column":0},"end":{"line":113,"column":50}},"113":{"start":{"line":114,"column":0},"end":{"line":114,"column":56}},"114":{"start":{"line":115,"column":0},"end":{"line":115,"column":18}},"115":{"start":{"line":116,"column":0},"end":{"line":116,"column":21}},"116":{"start":{"line":117,"column":0},"end":{"line":117,"column":32}},"117":{"start":{"line":118,"column":0},"end":{"line":118,"column":18}},"118":{"start":{"line":119,"column":0},"end":{"line":119,"column":15}},"119":{"start":{"line":120,"column":0},"end":{"line":120,"column":13}},"120":{"start":{"line":121,"column":0},"end":{"line":121,"column":14}},"121":{"start":{"line":122,"column":0},"end":{"line":122,"column":13}},"122":{"start":{"line":123,"column":0},"end":{"line":123,"column":42}},"123":{"start":{"line":124,"column":0},"end":{"line":124,"column":14}},"124":{"start":{"line":125,"column":0},"end":{"line":125,"column":57}},"126":{"start":{"line":127,"column":0},"end":{"line":127,"column":17}},"127":{"start":{"line":128,"column":0},"end":{"line":128,"column":15}},"128":{"start":{"line":129,"column":0},"end":{"line":129,"column":10}},"129":{"start":{"line":130,"column":0},"end":{"line":130,"column":20}},"130":{"start":{"line":131,"column":0},"end":{"line":131,"column":71}},"131":{"start":{"line":132,"column":0},"end":{"line":132,"column":21}},"132":{"start":{"line":133,"column":0},"end":{"line":133,"column":14}},"133":{"start":{"line":134,"column":0},"end":{"line":134,"column":57}},"135":{"start":{"line":136,"column":0},"end":{"line":136,"column":17}},"136":{"start":{"line":137,"column":0},"end":{"line":137,"column":15}},"137":{"start":{"line":138,"column":0},"end":{"line":138,"column":10}},"138":{"start":{"line":139,"column":0},"end":{"line":139,"column":14}},"139":{"start":{"line":140,"column":0},"end":{"line":140,"column":12}},"143":{"start":{"line":144,"column":0},"end":{"line":144,"column":53}},"144":{"start":{"line":145,"column":0},"end":{"line":145,"column":41}},"146":{"start":{"line":147,"column":0},"end":{"line":147,"column":61}},"147":{"start":{"line":148,"column":0},"end":{"line":148,"column":34}},"148":{"start":{"line":149,"column":0},"end":{"line":149,"column":35}},"149":{"start":{"line":150,"column":0},"end":{"line":150,"column":4}},"152":{"start":{"line":153,"column":0},"end":{"line":153,"column":49}},"153":{"start":{"line":154,"column":0},"end":{"line":154,"column":9}},"154":{"start":{"line":155,"column":0},"end":{"line":155,"column":79}},"155":{"start":{"line":156,"column":0},"end":{"line":156,"column":63}},"157":{"start":{"line":158,"column":0},"end":{"line":158,"column":36}},"158":{"start":{"line":159,"column":0},"end":{"line":159,"column":11}},"159":{"start":{"line":160,"column":0},"end":{"line":160,"column":71}},"160":{"start":{"line":161,"column":0},"end":{"line":161,"column":73}},"161":{"start":{"line":162,"column":0},"end":{"line":162,"column":75}},"162":{"start":{"line":163,"column":0},"end":{"line":163,"column":64}},"163":{"start":{"line":164,"column":0},"end":{"line":164,"column":20}},"164":{"start":{"line":165,"column":0},"end":{"line":165,"column":11}},"165":{"start":{"line":166,"column":0},"end":{"line":166,"column":9}}},"s":{"0":1,"2":1,"3":1,"4":1,"11":1,"12":6,"13":6,"15":6,"16":6,"17":6,"18":6,"20":6,"21":6,"22":6,"23":6,"25":6,"27":6,"28":6,"30":6,"31":6,"32":6,"33":6,"36":6,"37":6,"38":6,"39":6,"40":6,"41":6,"43":6,"44":6,"45":6,"46":6,"47":6,"48":6,"49":6,"50":6,"51":6,"52":6,"53":6,"54":6,"55":6,"56":6,"57":6,"59":6,"60":6,"61":6,"62":6,"63":6,"64":6,"65":6,"66":6,"67":6,"68":6,"69":6,"70":6,"71":6,"72":6,"73":6,"75":6,"76":6,"77":6,"78":6,"79":6,"80":6,"81":6,"82":6,"83":6,"84":6,"85":6,"86":6,"87":6,"88":6,"89":6,"91":6,"92":6,"93":6,"94":6,"95":6,"96":6,"97":6,"98":6,"99":6,"100":6,"101":6,"102":6,"103":6,"104":6,"105":6,"107":6,"108":6,"109":6,"110":6,"111":6,"112":6,"113":6,"114":6,"115":6,"116":6,"117":6,"118":6,"119":6,"120":6,"121":6,"122":6,"123":6,"124":6,"126":6,"127":6,"128":6,"129":6,"130":6,"131":6,"132":2,"133":2,"135":2,"136":2,"137":6,"138":6,"139":6,"143":1,"144":7,"146":7,"147":1,"148":1,"149":7,"152":7,"153":7,"154":7,"155":7,"157":7,"158":7,"159":6,"160":6,"161":6,"162":6,"163":6,"164":6,"165":7},"branchMap":{"0":{"type":"branch","line":12,"loc":{"start":{"line":12,"column":45},"end":{"line":140,"column":12}},"locations":[{"start":{"line":12,"column":45},"end":{"line":140,"column":12}}]},"1":{"type":"branch","line":12,"loc":{"start":{"line":12,"column":70},"end":{"line":12,"column":78}},"locations":[{"start":{"line":12,"column":70},"end":{"line":12,"column":78}}]},"2":{"type":"branch","line":14,"loc":{"start":{"line":14,"column":-1},"end":{"line":14,"column":78}},"locations":[{"start":{"line":14,"column":-1},"end":{"line":14,"column":78}}]},"3":{"type":"branch","line":14,"loc":{"start":{"line":14,"column":60},"end":{"line":14,"column":78}},"locations":[{"start":{"line":14,"column":60},"end":{"line":14,"column":78}}]},"4":{"type":"branch","line":15,"loc":{"start":{"line":15,"column":-1},"end":{"line":29,"column":4}},"locations":[{"start":{"line":15,"column":-1},"end":{"line":29,"column":4}}]},"5":{"type":"branch","line":29,"loc":{"start":{"line":29,"column":3},"end":{"line":29,"column":4}},"locations":[{"start":{"line":29,"column":3},"end":{"line":29,"column":4}}]},"6":{"type":"branch","line":30,"loc":{"start":{"line":30,"column":-1},"end":{"line":34,"column":3}},"locations":[{"start":{"line":30,"column":-1},"end":{"line":34,"column":3}}]},"7":{"type":"branch","line":35,"loc":{"start":{"line":35,"column":-1},"end":{"line":42,"column":50}},"locations":[{"start":{"line":35,"column":-1},"end":{"line":42,"column":50}}]},"8":{"type":"branch","line":42,"loc":{"start":{"line":42,"column":49},"end":{"line":42,"column":50}},"locations":[{"start":{"line":42,"column":49},"end":{"line":42,"column":50}}]},"9":{"type":"branch","line":42,"loc":{"start":{"line":42,"column":49},"end":{"line":48,"column":18}},"locations":[{"start":{"line":42,"column":49},"end":{"line":48,"column":18}}]},"10":{"type":"branch","line":46,"loc":{"start":{"line":46,"column":33},"end":{"line":47,"column":58}},"locations":[{"start":{"line":46,"column":33},"end":{"line":47,"column":58}}]},"11":{"type":"branch","line":48,"loc":{"start":{"line":48,"column":17},"end":{"line":48,"column":18}},"locations":[{"start":{"line":48,"column":17},"end":{"line":48,"column":18}}]},"12":{"type":"branch","line":48,"loc":{"start":{"line":48,"column":17},"end":{"line":51,"column":18}},"locations":[{"start":{"line":48,"column":17},"end":{"line":51,"column":18}}]},"13":{"type":"branch","line":49,"loc":{"start":{"line":49,"column":33},"end":{"line":50,"column":56}},"locations":[{"start":{"line":49,"column":33},"end":{"line":50,"column":56}}]},"14":{"type":"branch","line":51,"loc":{"start":{"line":51,"column":17},"end":{"line":51,"column":18}},"locations":[{"start":{"line":51,"column":17},"end":{"line":51,"column":18}}]},"15":{"type":"branch","line":51,"loc":{"start":{"line":51,"column":17},"end":{"line":51,"column":18}},"locations":[{"start":{"line":51,"column":17},"end":{"line":51,"column":18}}]},"16":{"type":"branch","line":51,"loc":{"start":{"line":51,"column":17},"end":{"line":52,"column":21}},"locations":[{"start":{"line":51,"column":17},"end":{"line":52,"column":21}}]},"17":{"type":"branch","line":53,"loc":{"start":{"line":53,"column":-1},"end":{"line":53,"column":35}},"locations":[{"start":{"line":53,"column":-1},"end":{"line":53,"column":35}}]},"18":{"type":"branch","line":54,"loc":{"start":{"line":54,"column":-1},"end":{"line":54,"column":18}},"locations":[{"start":{"line":54,"column":-1},"end":{"line":54,"column":18}}]},"19":{"type":"branch","line":55,"loc":{"start":{"line":55,"column":-1},"end":{"line":55,"column":15}},"locations":[{"start":{"line":55,"column":-1},"end":{"line":55,"column":15}}]},"20":{"type":"branch","line":56,"loc":{"start":{"line":56,"column":-1},"end":{"line":58,"column":46}},"locations":[{"start":{"line":56,"column":-1},"end":{"line":58,"column":46}}]},"21":{"type":"branch","line":58,"loc":{"start":{"line":58,"column":45},"end":{"line":58,"column":46}},"locations":[{"start":{"line":58,"column":45},"end":{"line":58,"column":46}}]},"22":{"type":"branch","line":58,"loc":{"start":{"line":58,"column":45},"end":{"line":64,"column":18}},"locations":[{"start":{"line":58,"column":45},"end":{"line":64,"column":18}}]},"23":{"type":"branch","line":62,"loc":{"start":{"line":62,"column":33},"end":{"line":63,"column":58}},"locations":[{"start":{"line":62,"column":33},"end":{"line":63,"column":58}}]},"24":{"type":"branch","line":64,"loc":{"start":{"line":64,"column":17},"end":{"line":64,"column":18}},"locations":[{"start":{"line":64,"column":17},"end":{"line":64,"column":18}}]},"25":{"type":"branch","line":64,"loc":{"start":{"line":64,"column":17},"end":{"line":67,"column":18}},"locations":[{"start":{"line":64,"column":17},"end":{"line":67,"column":18}}]},"26":{"type":"branch","line":65,"loc":{"start":{"line":65,"column":33},"end":{"line":66,"column":56}},"locations":[{"start":{"line":65,"column":33},"end":{"line":66,"column":56}}]},"27":{"type":"branch","line":67,"loc":{"start":{"line":67,"column":17},"end":{"line":67,"column":18}},"locations":[{"start":{"line":67,"column":17},"end":{"line":67,"column":18}}]},"28":{"type":"branch","line":67,"loc":{"start":{"line":67,"column":17},"end":{"line":67,"column":18}},"locations":[{"start":{"line":67,"column":17},"end":{"line":67,"column":18}}]},"29":{"type":"branch","line":67,"loc":{"start":{"line":67,"column":17},"end":{"line":68,"column":21}},"locations":[{"start":{"line":67,"column":17},"end":{"line":68,"column":21}}]},"30":{"type":"branch","line":69,"loc":{"start":{"line":69,"column":-1},"end":{"line":69,"column":36}},"locations":[{"start":{"line":69,"column":-1},"end":{"line":69,"column":36}}]},"31":{"type":"branch","line":70,"loc":{"start":{"line":70,"column":-1},"end":{"line":70,"column":18}},"locations":[{"start":{"line":70,"column":-1},"end":{"line":70,"column":18}}]},"32":{"type":"branch","line":71,"loc":{"start":{"line":71,"column":-1},"end":{"line":71,"column":15}},"locations":[{"start":{"line":71,"column":-1},"end":{"line":71,"column":15}}]},"33":{"type":"branch","line":72,"loc":{"start":{"line":72,"column":-1},"end":{"line":74,"column":48}},"locations":[{"start":{"line":72,"column":-1},"end":{"line":74,"column":48}}]},"34":{"type":"branch","line":74,"loc":{"start":{"line":74,"column":47},"end":{"line":74,"column":48}},"locations":[{"start":{"line":74,"column":47},"end":{"line":74,"column":48}}]},"35":{"type":"branch","line":74,"loc":{"start":{"line":74,"column":47},"end":{"line":80,"column":18}},"locations":[{"start":{"line":74,"column":47},"end":{"line":80,"column":18}}]},"36":{"type":"branch","line":78,"loc":{"start":{"line":78,"column":33},"end":{"line":79,"column":58}},"locations":[{"start":{"line":78,"column":33},"end":{"line":79,"column":58}}]},"37":{"type":"branch","line":80,"loc":{"start":{"line":80,"column":17},"end":{"line":80,"column":18}},"locations":[{"start":{"line":80,"column":17},"end":{"line":80,"column":18}}]},"38":{"type":"branch","line":80,"loc":{"start":{"line":80,"column":17},"end":{"line":83,"column":18}},"locations":[{"start":{"line":80,"column":17},"end":{"line":83,"column":18}}]},"39":{"type":"branch","line":81,"loc":{"start":{"line":81,"column":33},"end":{"line":82,"column":56}},"locations":[{"start":{"line":81,"column":33},"end":{"line":82,"column":56}}]},"40":{"type":"branch","line":83,"loc":{"start":{"line":83,"column":17},"end":{"line":83,"column":18}},"locations":[{"start":{"line":83,"column":17},"end":{"line":83,"column":18}}]},"41":{"type":"branch","line":83,"loc":{"start":{"line":83,"column":17},"end":{"line":83,"column":18}},"locations":[{"start":{"line":83,"column":17},"end":{"line":83,"column":18}}]},"42":{"type":"branch","line":83,"loc":{"start":{"line":83,"column":17},"end":{"line":84,"column":21}},"locations":[{"start":{"line":83,"column":17},"end":{"line":84,"column":21}}]},"43":{"type":"branch","line":85,"loc":{"start":{"line":85,"column":-1},"end":{"line":85,"column":33}},"locations":[{"start":{"line":85,"column":-1},"end":{"line":85,"column":33}}]},"44":{"type":"branch","line":86,"loc":{"start":{"line":86,"column":-1},"end":{"line":86,"column":18}},"locations":[{"start":{"line":86,"column":-1},"end":{"line":86,"column":18}}]},"45":{"type":"branch","line":87,"loc":{"start":{"line":87,"column":-1},"end":{"line":87,"column":15}},"locations":[{"start":{"line":87,"column":-1},"end":{"line":87,"column":15}}]},"46":{"type":"branch","line":88,"loc":{"start":{"line":88,"column":-1},"end":{"line":90,"column":50}},"locations":[{"start":{"line":88,"column":-1},"end":{"line":90,"column":50}}]},"47":{"type":"branch","line":90,"loc":{"start":{"line":90,"column":49},"end":{"line":90,"column":50}},"locations":[{"start":{"line":90,"column":49},"end":{"line":90,"column":50}}]},"48":{"type":"branch","line":90,"loc":{"start":{"line":90,"column":49},"end":{"line":96,"column":18}},"locations":[{"start":{"line":90,"column":49},"end":{"line":96,"column":18}}]},"49":{"type":"branch","line":94,"loc":{"start":{"line":94,"column":33},"end":{"line":95,"column":58}},"locations":[{"start":{"line":94,"column":33},"end":{"line":95,"column":58}}]},"50":{"type":"branch","line":96,"loc":{"start":{"line":96,"column":17},"end":{"line":96,"column":18}},"locations":[{"start":{"line":96,"column":17},"end":{"line":96,"column":18}}]},"51":{"type":"branch","line":96,"loc":{"start":{"line":96,"column":17},"end":{"line":99,"column":18}},"locations":[{"start":{"line":96,"column":17},"end":{"line":99,"column":18}}]},"52":{"type":"branch","line":97,"loc":{"start":{"line":97,"column":33},"end":{"line":98,"column":56}},"locations":[{"start":{"line":97,"column":33},"end":{"line":98,"column":56}}]},"53":{"type":"branch","line":99,"loc":{"start":{"line":99,"column":17},"end":{"line":99,"column":18}},"locations":[{"start":{"line":99,"column":17},"end":{"line":99,"column":18}}]},"54":{"type":"branch","line":99,"loc":{"start":{"line":99,"column":17},"end":{"line":99,"column":18}},"locations":[{"start":{"line":99,"column":17},"end":{"line":99,"column":18}}]},"55":{"type":"branch","line":99,"loc":{"start":{"line":99,"column":17},"end":{"line":100,"column":21}},"locations":[{"start":{"line":99,"column":17},"end":{"line":100,"column":21}}]},"56":{"type":"branch","line":101,"loc":{"start":{"line":101,"column":-1},"end":{"line":101,"column":35}},"locations":[{"start":{"line":101,"column":-1},"end":{"line":101,"column":35}}]},"57":{"type":"branch","line":102,"loc":{"start":{"line":102,"column":-1},"end":{"line":102,"column":18}},"locations":[{"start":{"line":102,"column":-1},"end":{"line":102,"column":18}}]},"58":{"type":"branch","line":103,"loc":{"start":{"line":103,"column":-1},"end":{"line":103,"column":15}},"locations":[{"start":{"line":103,"column":-1},"end":{"line":103,"column":15}}]},"59":{"type":"branch","line":104,"loc":{"start":{"line":104,"column":-1},"end":{"line":106,"column":47}},"locations":[{"start":{"line":104,"column":-1},"end":{"line":106,"column":47}}]},"60":{"type":"branch","line":106,"loc":{"start":{"line":106,"column":46},"end":{"line":106,"column":47}},"locations":[{"start":{"line":106,"column":46},"end":{"line":106,"column":47}}]},"61":{"type":"branch","line":106,"loc":{"start":{"line":106,"column":46},"end":{"line":112,"column":18}},"locations":[{"start":{"line":106,"column":46},"end":{"line":112,"column":18}}]},"62":{"type":"branch","line":110,"loc":{"start":{"line":110,"column":33},"end":{"line":111,"column":58}},"locations":[{"start":{"line":110,"column":33},"end":{"line":111,"column":58}}]},"63":{"type":"branch","line":112,"loc":{"start":{"line":112,"column":17},"end":{"line":112,"column":18}},"locations":[{"start":{"line":112,"column":17},"end":{"line":112,"column":18}}]},"64":{"type":"branch","line":112,"loc":{"start":{"line":112,"column":17},"end":{"line":115,"column":18}},"locations":[{"start":{"line":112,"column":17},"end":{"line":115,"column":18}}]},"65":{"type":"branch","line":113,"loc":{"start":{"line":113,"column":33},"end":{"line":114,"column":56}},"locations":[{"start":{"line":113,"column":33},"end":{"line":114,"column":56}}]},"66":{"type":"branch","line":115,"loc":{"start":{"line":115,"column":17},"end":{"line":115,"column":18}},"locations":[{"start":{"line":115,"column":17},"end":{"line":115,"column":18}}]},"67":{"type":"branch","line":115,"loc":{"start":{"line":115,"column":17},"end":{"line":115,"column":18}},"locations":[{"start":{"line":115,"column":17},"end":{"line":115,"column":18}}]},"68":{"type":"branch","line":115,"loc":{"start":{"line":115,"column":17},"end":{"line":116,"column":21}},"locations":[{"start":{"line":115,"column":17},"end":{"line":116,"column":21}}]},"69":{"type":"branch","line":117,"loc":{"start":{"line":117,"column":-1},"end":{"line":117,"column":32}},"locations":[{"start":{"line":117,"column":-1},"end":{"line":117,"column":32}}]},"70":{"type":"branch","line":118,"loc":{"start":{"line":118,"column":-1},"end":{"line":118,"column":18}},"locations":[{"start":{"line":118,"column":-1},"end":{"line":118,"column":18}}]},"71":{"type":"branch","line":119,"loc":{"start":{"line":119,"column":-1},"end":{"line":119,"column":15}},"locations":[{"start":{"line":119,"column":-1},"end":{"line":119,"column":15}}]},"72":{"type":"branch","line":120,"loc":{"start":{"line":120,"column":-1},"end":{"line":121,"column":14}},"locations":[{"start":{"line":120,"column":-1},"end":{"line":121,"column":14}}]},"73":{"type":"branch","line":123,"loc":{"start":{"line":123,"column":14},"end":{"line":123,"column":42}},"locations":[{"start":{"line":123,"column":14},"end":{"line":123,"column":42}}]},"74":{"type":"branch","line":123,"loc":{"start":{"line":123,"column":30},"end":{"line":128,"column":15}},"locations":[{"start":{"line":123,"column":30},"end":{"line":128,"column":15}}]},"75":{"type":"branch","line":129,"loc":{"start":{"line":129,"column":9},"end":{"line":129,"column":10}},"locations":[{"start":{"line":129,"column":9},"end":{"line":129,"column":10}}]},"76":{"type":"branch","line":129,"loc":{"start":{"line":129,"column":9},"end":{"line":129,"column":10}},"locations":[{"start":{"line":129,"column":9},"end":{"line":129,"column":10}}]},"77":{"type":"branch","line":130,"loc":{"start":{"line":130,"column":10},"end":{"line":131,"column":70}},"locations":[{"start":{"line":130,"column":10},"end":{"line":131,"column":70}}]},"78":{"type":"branch","line":131,"loc":{"start":{"line":131,"column":70},"end":{"line":131,"column":71}},"locations":[{"start":{"line":131,"column":70},"end":{"line":131,"column":71}}]},"79":{"type":"branch","line":132,"loc":{"start":{"line":132,"column":9},"end":{"line":137,"column":15}},"locations":[{"start":{"line":132,"column":9},"end":{"line":137,"column":15}}]},"80":{"type":"branch","line":138,"loc":{"start":{"line":138,"column":9},"end":{"line":138,"column":10}},"locations":[{"start":{"line":138,"column":9},"end":{"line":138,"column":10}}]},"81":{"type":"branch","line":138,"loc":{"start":{"line":138,"column":9},"end":{"line":138,"column":10}},"locations":[{"start":{"line":138,"column":9},"end":{"line":138,"column":10}}]},"82":{"type":"branch","line":138,"loc":{"start":{"line":138,"column":9},"end":{"line":138,"column":10}},"locations":[{"start":{"line":138,"column":9},"end":{"line":138,"column":10}}]},"83":{"type":"branch","line":16,"loc":{"start":{"line":16,"column":27},"end":{"line":28,"column":52}},"locations":[{"start":{"line":16,"column":27},"end":{"line":28,"column":52}}]},"84":{"type":"branch","line":19,"loc":{"start":{"line":19,"column":53},"end":{"line":28,"column":51}},"locations":[{"start":{"line":19,"column":53},"end":{"line":28,"column":51}}]},"85":{"type":"branch","line":31,"loc":{"start":{"line":31,"column":2},"end":{"line":33,"column":34}},"locations":[{"start":{"line":31,"column":2},"end":{"line":33,"column":34}}]},"86":{"type":"branch","line":58,"loc":{"start":{"line":58,"column":21},"end":{"line":58,"column":45}},"locations":[{"start":{"line":58,"column":21},"end":{"line":58,"column":45}}]},"87":{"type":"branch","line":144,"loc":{"start":{"line":144,"column":38},"end":{"line":166,"column":9}},"locations":[{"start":{"line":144,"column":38},"end":{"line":166,"column":9}}]},"88":{"type":"branch","line":150,"loc":{"start":{"line":150,"column":3},"end":{"line":150,"column":4}},"locations":[{"start":{"line":150,"column":3},"end":{"line":150,"column":4}}]},"89":{"type":"branch","line":156,"loc":{"start":{"line":156,"column":62},"end":{"line":156,"column":63}},"locations":[{"start":{"line":156,"column":62},"end":{"line":156,"column":63}}]},"90":{"type":"branch","line":158,"loc":{"start":{"line":158,"column":13},"end":{"line":158,"column":32}},"locations":[{"start":{"line":158,"column":13},"end":{"line":158,"column":32}}]},"91":{"type":"branch","line":158,"loc":{"start":{"line":158,"column":25},"end":{"line":158,"column":35}},"locations":[{"start":{"line":158,"column":25},"end":{"line":158,"column":35}}]},"92":{"type":"branch","line":158,"loc":{"start":{"line":158,"column":35},"end":{"line":158,"column":36}},"locations":[{"start":{"line":158,"column":35},"end":{"line":158,"column":36}}]},"93":{"type":"branch","line":160,"loc":{"start":{"line":160,"column":-1},"end":{"line":160,"column":71}},"locations":[{"start":{"line":160,"column":-1},"end":{"line":160,"column":71}}]},"94":{"type":"branch","line":161,"loc":{"start":{"line":161,"column":-1},"end":{"line":161,"column":73}},"locations":[{"start":{"line":161,"column":-1},"end":{"line":161,"column":73}}]},"95":{"type":"branch","line":162,"loc":{"start":{"line":162,"column":-1},"end":{"line":162,"column":75}},"locations":[{"start":{"line":162,"column":-1},"end":{"line":162,"column":75}}]},"96":{"type":"branch","line":163,"loc":{"start":{"line":163,"column":-1},"end":{"line":165,"column":11}},"locations":[{"start":{"line":163,"column":-1},"end":{"line":165,"column":11}}]},"97":{"type":"branch","line":147,"loc":{"start":{"line":147,"column":25},"end":{"line":149,"column":35}},"locations":[{"start":{"line":147,"column":25},"end":{"line":149,"column":35}}]},"98":{"type":"branch","line":156,"loc":{"start":{"line":156,"column":17},"end":{"line":156,"column":62}},"locations":[{"start":{"line":156,"column":17},"end":{"line":156,"column":62}}]},"99":{"type":"branch","line":12,"loc":{"start":{"line":12,"column":45},"end":{"line":131,"column":70}},"locations":[{"start":{"line":12,"column":45},"end":{"line":131,"column":70}}]}},"b":{"0":[6],"1":[0],"2":[5],"3":[1],"4":[1],"5":[1],"6":[1],"7":[1],"8":[1],"9":[5],"10":[0],"11":[1],"12":[5],"13":[0],"14":[1],"15":[1],"16":[5],"17":[5],"18":[5],"19":[5],"20":[5],"21":[1],"22":[5],"23":[1],"24":[1],"25":[5],"26":[0],"27":[1],"28":[1],"29":[5],"30":[5],"31":[5],"32":[5],"33":[5],"34":[1],"35":[5],"36":[0],"37":[1],"38":[5],"39":[0],"40":[1],"41":[1],"42":[5],"43":[5],"44":[5],"45":[5],"46":[5],"47":[1],"48":[5],"49":[0],"50":[1],"51":[5],"52":[0],"53":[1],"54":[1],"55":[5],"56":[5],"57":[5],"58":[5],"59":[5],"60":[1],"61":[5],"62":[0],"63":[1],"64":[5],"65":[0],"66":[1],"67":[1],"68":[5],"69":[5],"70":[5],"71":[5],"72":[5],"73":[3],"74":[1],"75":[0],"76":[1],"77":[4],"78":[0],"79":[2],"80":[0],"81":[0],"82":[0],"83":[1],"84":[0],"85":[1],"86":[1],"87":[7],"88":[0],"89":[0],"90":[4],"91":[3],"92":[0],"93":[6],"94":[6],"95":[6],"96":[6],"97":[1],"98":[1],"99":[6]},"fnMap":{"0":{"name":"ItemTable","decl":{"start":{"line":12,"column":45},"end":{"line":140,"column":12}},"loc":{"start":{"line":12,"column":45},"end":{"line":140,"column":12}},"line":12},"1":{"name":"t3","decl":{"start":{"line":16,"column":27},"end":{"line":28,"column":52}},"loc":{"start":{"line":16,"column":27},"end":{"line":28,"column":52}},"line":16},"2":{"name":"handleSort2","decl":{"start":{"line":31,"column":2},"end":{"line":33,"column":34}},"loc":{"start":{"line":31,"column":2},"end":{"line":33,"column":34}},"line":31},"3":{"name":"t5","decl":{"start":{"line":42,"column":21},"end":{"line":42,"column":49}},"loc":{"start":{"line":42,"column":21},"end":{"line":42,"column":49}},"line":42},"4":{"name":"t12","decl":{"start":{"line":58,"column":21},"end":{"line":58,"column":45}},"loc":{"start":{"line":58,"column":21},"end":{"line":58,"column":45}},"line":58},"5":{"name":"t19","decl":{"start":{"line":74,"column":21},"end":{"line":74,"column":47}},"loc":{"start":{"line":74,"column":21},"end":{"line":74,"column":47}},"line":74},"6":{"name":"t26","decl":{"start":{"line":90,"column":21},"end":{"line":90,"column":49}},"loc":{"start":{"line":90,"column":21},"end":{"line":90,"column":49}},"line":90},"7":{"name":"t33","decl":{"start":{"line":106,"column":21},"end":{"line":106,"column":46}},"loc":{"start":{"line":106,"column":21},"end":{"line":106,"column":46}},"line":106},"8":{"name":"ItemsData","decl":{"start":{"line":144,"column":38},"end":{"line":166,"column":9}},"loc":{"start":{"line":144,"column":38},"end":{"line":166,"column":9}},"line":144},"9":{"name":"t1","decl":{"start":{"line":147,"column":25},"end":{"line":149,"column":35}},"loc":{"start":{"line":147,"column":25},"end":{"line":149,"column":35}},"line":147},"10":{"name":"t2","decl":{"start":{"line":156,"column":17},"end":{"line":156,"column":62}},"loc":{"start":{"line":156,"column":17},"end":{"line":156,"column":62}},"line":156},"11":{"name":"_temp","decl":{"start":{"line":12,"column":45},"end":{"line":131,"column":70}},"loc":{"start":{"line":12,"column":45},"end":{"line":131,"column":70}},"line":12}},"f":{"0":6,"1":1,"2":1,"3":0,"4":1,"5":0,"6":0,"7":0,"8":7,"9":1,"10":1,"11":6}}
,"/Users/gilangpratama/Documents/nodejs-projects/bs-technical-demo/src/components/Container.tsx": {"path":"/Users/gilangpratama/Documents/nodejs-projects/bs-technical-demo/src/components/Container.tsx","all":false,"statementMap":{"3":{"start":{"line":4,"column":0},"end":{"line":4,"column":52}},"7":{"start":{"line":8,"column":0},"end":{"line":8,"column":7}},"9":{"start":{"line":10,"column":0},"end":{"line":10,"column":91}},"10":{"start":{"line":11,"column":0},"end":{"line":11,"column":16}},"11":{"start":{"line":12,"column":0},"end":{"line":12,"column":10}},"15":{"start":{"line":16,"column":0},"end":{"line":16,"column":25}}},"s":{"3":1,"7":4,"9":4,"10":4,"11":4,"15":1},"branchMap":{"0":{"type":"branch","line":4,"loc":{"start":{"line":4,"column":50},"end":{"line":12,"column":10}},"locations":[{"start":{"line":4,"column":50},"end":{"line":12,"column":10}}]}},"b":{"0":[4]},"fnMap":{"0":{"name":"Container","decl":{"start":{"line":4,"column":50},"end":{"line":12,"column":10}},"loc":{"start":{"line":4,"column":50},"end":{"line":12,"column":10}},"line":4}},"f":{"0":4}}
,"/Users/gilangpratama/Documents/nodejs-projects/bs-technical-demo/src/components/Inputs.tsx": {"path":"/Users/gilangpratama/Documents/nodejs-projects/bs-technical-demo/src/components/Inputs.tsx","all":false,"statementMap":{"2":{"start":{"line":3,"column":0},"end":{"line":3,"column":66}},"4":{"start":{"line":5,"column":0},"end":{"line":5,"column":7}},"6":{"start":{"line":7,"column":0},"end":{"line":7,"column":10}},"7":{"start":{"line":8,"column":0},"end":{"line":8,"column":16}},"8":{"start":{"line":9,"column":0},"end":{"line":9,"column":148}},"9":{"start":{"line":10,"column":0},"end":{"line":10,"column":6}}},"s":{"2":1,"4":5,"6":5,"7":5,"8":5,"9":5},"branchMap":{"0":{"type":"branch","line":3,"loc":{"start":{"line":3,"column":64},"end":{"line":10,"column":6}},"locations":[{"start":{"line":3,"column":64},"end":{"line":10,"column":6}}]},"1":{"type":"branch","line":5,"loc":{"start":{"line":5,"column":1},"end":{"line":5,"column":7}},"locations":[{"start":{"line":5,"column":1},"end":{"line":5,"column":7}}]}},"b":{"0":[5],"1":[0]},"fnMap":{"0":{"name":"Input","decl":{"start":{"line":3,"column":64},"end":{"line":10,"column":6}},"loc":{"start":{"line":3,"column":64},"end":{"line":10,"column":6}},"line":3}},"f":{"0":5}}
,"/Users/gilangpratama/Documents/nodejs-projects/bs-technical-demo/src/components/ListView.tsx": {"path":"/Users/gilangpratama/Documents/nodejs-projects/bs-technical-demo/src/components/ListView.tsx","all":false,"statementMap":{"6":{"start":{"line":7,"column":0},"end":{"line":7,"column":76}},"7":{"start":{"line":8,"column":0},"end":{"line":8,"column":31}}},"s":{"6":1,"7":2},"branchMap":{"0":{"type":"branch","line":7,"loc":{"start":{"line":7,"column":57},"end":{"line":8,"column":31}},"locations":[{"start":{"line":7,"column":57},"end":{"line":8,"column":31}}]},"1":{"type":"branch","line":8,"loc":{"start":{"line":8,"column":30},"end":{"line":8,"column":31}},"locations":[{"start":{"line":8,"column":30},"end":{"line":8,"column":31}}]}},"b":{"0":[2],"1":[0]},"fnMap":{"0":{"name":"ListViewWrapper","decl":{"start":{"line":7,"column":57},"end":{"line":8,"column":31}},"loc":{"start":{"line":7,"column":57},"end":{"line":8,"column":31}},"line":7}},"f":{"0":2}}
,"/Users/gilangpratama/Documents/nodejs-projects/bs-technical-demo/src/components/Pagination.tsx": {"path":"/Users/gilangpratama/Documents/nodejs-projects/bs-technical-demo/src/components/Pagination.tsx","all":false,"statementMap":{"0":{"start":{"line":1,"column":0},"end":{"line":1,"column":61}},"1":{"start":{"line":2,"column":0},"end":{"line":2,"column":41}},"2":{"start":{"line":3,"column":0},"end":{"line":3,"column":47}},"8":{"start":{"line":9,"column":0},"end":{"line":9,"column":64}},"9":{"start":{"line":10,"column":0},"end":{"line":10,"column":60}},"11":{"start":{"line":12,"column":0},"end":{"line":12,"column":47}},"12":{"start":{"line":13,"column":0},"end":{"line":13,"column":60}},"13":{"start":{"line":14,"column":0},"end":{"line":14,"column":61}},"14":{"start":{"line":15,"column":0},"end":{"line":15,"column":36}},"15":{"start":{"line":16,"column":0},"end":{"line":16,"column":33}},"18":{"start":{"line":19,"column":0},"end":{"line":19,"column":48}},"19":{"start":{"line":20,"column":0},"end":{"line":20,"column":38}},"20":{"start":{"line":21,"column":0},"end":{"line":21,"column":33}},"21":{"start":{"line":22,"column":0},"end":{"line":22,"column":34}},"22":{"start":{"line":23,"column":0},"end":{"line":23,"column":30}},"24":{"start":{"line":25,"column":0},"end":{"line":25,"column":60}},"25":{"start":{"line":26,"column":0},"end":{"line":26,"column":44}},"26":{"start":{"line":27,"column":0},"end":{"line":27,"column":23}},"27":{"start":{"line":28,"column":0},"end":{"line":28,"column":44}},"28":{"start":{"line":29,"column":0},"end":{"line":29,"column":44}},"29":{"start":{"line":30,"column":0},"end":{"line":30,"column":9}},"31":{"start":{"line":32,"column":0},"end":{"line":32,"column":44}},"32":{"start":{"line":33,"column":0},"end":{"line":33,"column":23}},"33":{"start":{"line":34,"column":0},"end":{"line":34,"column":44}},"34":{"start":{"line":35,"column":0},"end":{"line":35,"column":44}},"35":{"start":{"line":36,"column":0},"end":{"line":36,"column":9}},"37":{"start":{"line":38,"column":0},"end":{"line":38,"column":4}},"40":{"start":{"line":41,"column":0},"end":{"line":41,"column":56}},"41":{"start":{"line":42,"column":0},"end":{"line":42,"column":13}},"42":{"start":{"line":43,"column":0},"end":{"line":43,"column":29}},"43":{"start":{"line":44,"column":0},"end":{"line":44,"column":117}},"44":{"start":{"line":45,"column":0},"end":{"line":45,"column":48}},"45":{"start":{"line":46,"column":0},"end":{"line":46,"column":40}},"47":{"start":{"line":48,"column":0},"end":{"line":48,"column":25}},"48":{"start":{"line":49,"column":0},"end":{"line":49,"column":15}},"49":{"start":{"line":50,"column":0},"end":{"line":50,"column":42}},"50":{"start":{"line":51,"column":0},"end":{"line":51,"column":13}},"51":{"start":{"line":52,"column":0},"end":{"line":52,"column":29}},"52":{"start":{"line":53,"column":0},"end":{"line":53,"column":117}},"53":{"start":{"line":54,"column":0},"end":{"line":54,"column":48}},"54":{"start":{"line":55,"column":0},"end":{"line":55,"column":36}},"56":{"start":{"line":57,"column":0},"end":{"line":57,"column":26}},"57":{"start":{"line":58,"column":0},"end":{"line":58,"column":15}},"58":{"start":{"line":59,"column":0},"end":{"line":59,"column":10}}},"s":{"0":1,"1":1,"2":1,"8":1,"9":6,"11":6,"12":6,"13":6,"14":6,"15":6,"18":6,"19":6,"20":6,"21":6,"22":6,"24":6,"25":2,"26":1,"27":1,"28":1,"29":1,"31":2,"32":1,"33":1,"34":1,"35":1,"37":6,"40":6,"41":6,"42":6,"43":6,"44":6,"45":6,"47":6,"48":6,"49":6,"50":6,"51":6,"52":6,"53":6,"54":6,"56":6,"57":6,"58":6},"branchMap":{"0":{"type":"branch","line":9,"loc":{"start":{"line":9,"column":47},"end":{"line":59,"column":10}},"locations":[{"start":{"line":9,"column":47},"end":{"line":59,"column":10}}]},"1":{"type":"branch","line":13,"loc":{"start":{"line":13,"column":49},"end":{"line":13,"column":58}},"locations":[{"start":{"line":13,"column":49},"end":{"line":13,"column":58}}]},"2":{"type":"branch","line":13,"loc":{"start":{"line":13,"column":58},"end":{"line":13,"column":60}},"locations":[{"start":{"line":13,"column":58},"end":{"line":13,"column":60}}]},"3":{"type":"branch","line":14,"loc":{"start":{"line":14,"column":51},"end":{"line":14,"column":59}},"locations":[{"start":{"line":14,"column":51},"end":{"line":14,"column":59}}]},"4":{"type":"branch","line":14,"loc":{"start":{"line":14,"column":59},"end":{"line":14,"column":61}},"locations":[{"start":{"line":14,"column":59},"end":{"line":14,"column":61}}]},"5":{"type":"branch","line":16,"loc":{"start":{"line":16,"column":32},"end":{"line":16,"column":33}},"locations":[{"start":{"line":16,"column":32},"end":{"line":16,"column":33}}]},"6":{"type":"branch","line":22,"loc":{"start":{"line":22,"column":33},"end":{"line":22,"column":34}},"locations":[{"start":{"line":22,"column":33},"end":{"line":22,"column":34}}]},"7":{"type":"branch","line":38,"loc":{"start":{"line":38,"column":3},"end":{"line":38,"column":4}},"locations":[{"start":{"line":38,"column":3},"end":{"line":38,"column":4}}]},"8":{"type":"branch","line":45,"loc":{"start":{"line":45,"column":47},"end":{"line":45,"column":48}},"locations":[{"start":{"line":45,"column":47},"end":{"line":45,"column":48}}]},"9":{"type":"branch","line":54,"loc":{"start":{"line":54,"column":47},"end":{"line":54,"column":48}},"locations":[{"start":{"line":54,"column":47},"end":{"line":54,"column":48}}]},"10":{"type":"branch","line":25,"loc":{"start":{"line":25,"column":27},"end":{"line":36,"column":9}},"locations":[{"start":{"line":25,"column":27},"end":{"line":36,"column":9}}]},"11":{"type":"branch","line":26,"loc":{"start":{"line":26,"column":22},"end":{"line":26,"column":41}},"locations":[{"start":{"line":26,"column":22},"end":{"line":26,"column":41}}]},"12":{"type":"branch","line":26,"loc":{"start":{"line":26,"column":41},"end":{"line":30,"column":9}},"locations":[{"start":{"line":26,"column":41},"end":{"line":30,"column":9}}]},"13":{"type":"branch","line":32,"loc":{"start":{"line":32,"column":22},"end":{"line":32,"column":41}},"locations":[{"start":{"line":32,"column":22},"end":{"line":32,"column":41}}]},"14":{"type":"branch","line":32,"loc":{"start":{"line":32,"column":41},"end":{"line":36,"column":9}},"locations":[{"start":{"line":32,"column":41},"end":{"line":36,"column":9}}]},"15":{"type":"branch","line":45,"loc":{"start":{"line":45,"column":17},"end":{"line":45,"column":47}},"locations":[{"start":{"line":45,"column":17},"end":{"line":45,"column":47}}]},"16":{"type":"branch","line":54,"loc":{"start":{"line":54,"column":17},"end":{"line":54,"column":47}},"locations":[{"start":{"line":54,"column":17},"end":{"line":54,"column":47}}]}},"b":{"0":[6],"1":[4],"2":[0],"3":[4],"4":[0],"5":[0],"6":[0],"7":[0],"8":[0],"9":[0],"10":[2],"11":[1],"12":[1],"13":[1],"14":[1],"15":[1],"16":[1]},"fnMap":{"0":{"name":"Pagination","decl":{"start":{"line":9,"column":47},"end":{"line":59,"column":10}},"loc":{"start":{"line":9,"column":47},"end":{"line":59,"column":10}},"line":9},"1":{"name":"t5","decl":{"start":{"line":25,"column":27},"end":{"line":36,"column":9}},"loc":{"start":{"line":25,"column":27},"end":{"line":36,"column":9}},"line":25},"2":{"name":"t7","decl":{"start":{"line":45,"column":17},"end":{"line":45,"column":47}},"loc":{"start":{"line":45,"column":17},"end":{"line":45,"column":47}},"line":45},"3":{"name":"t12","decl":{"start":{"line":54,"column":17},"end":{"line":54,"column":47}},"loc":{"start":{"line":54,"column":17},"end":{"line":54,"column":47}},"line":54}},"f":{"0":6,"1":2,"2":1,"3":1}}
,"/Users/gilangpratama/Documents/nodejs-projects/bs-technical-demo/src/components/Select.tsx": {"path":"/Users/gilangpratama/Documents/nodejs-projects/bs-technical-demo/src/components/Select.tsx","all":false,"statementMap":{"2":{"start":{"line":3,"column":0},"end":{"line":3,"column":69}},"4":{"start":{"line":5,"column":0},"end":{"line":5,"column":7}},"6":{"start":{"line":7,"column":0},"end":{"line":7,"column":11}},"7":{"start":{"line":8,"column":0},"end":{"line":8,"column":16}},"8":{"start":{"line":9,"column":0},"end":{"line":9,"column":148}},"9":{"start":{"line":10,"column":0},"end":{"line":10,"column":6}}},"s":{"2":1,"4":10,"6":10,"7":10,"8":10,"9":10},"branchMap":{"0":{"type":"branch","line":3,"loc":{"start":{"line":3,"column":67},"end":{"line":10,"column":6}},"locations":[{"start":{"line":3,"column":67},"end":{"line":10,"column":6}}]},"1":{"type":"branch","line":5,"loc":{"start":{"line":5,"column":1},"end":{"line":5,"column":7}},"locations":[{"start":{"line":5,"column":1},"end":{"line":5,"column":7}}]}},"b":{"0":[10],"1":[0]},"fnMap":{"0":{"name":"Select","decl":{"start":{"line":3,"column":67},"end":{"line":10,"column":6}},"loc":{"start":{"line":3,"column":67},"end":{"line":10,"column":6}},"line":3}},"f":{"0":10}}
,"/Users/gilangpratama/Documents/nodejs-projects/bs-technical-demo/src/utils/searchParams.ts": {"path":"/Users/gilangpratama/Documents/nodejs-projects/bs-technical-demo/src/utils/searchParams.ts","all":false,"statementMap":{"1":{"start":{"line":2,"column":0},"end":{"line":2,"column":41}},"2":{"start":{"line":3,"column":0},"end":{"line":3,"column":26}},"3":{"start":{"line":4,"column":0},"end":{"line":4,"column":14}},"4":{"start":{"line":5,"column":0},"end":{"line":5,"column":15}},"5":{"start":{"line":6,"column":0},"end":{"line":6,"column":6}},"6":{"start":{"line":7,"column":0},"end":{"line":7,"column":25}},"7":{"start":{"line":8,"column":0},"end":{"line":8,"column":26}},"8":{"start":{"line":9,"column":0},"end":{"line":9,"column":2}}},"s":{"1":1,"2":2,"3":2,"4":2,"5":2,"6":2,"7":2,"8":2},"branchMap":{"0":{"type":"branch","line":2,"loc":{"start":{"line":2,"column":40},"end":{"line":9,"column":2}},"locations":[{"start":{"line":2,"column":40},"end":{"line":9,"column":2}}]}},"b":{"0":[2]},"fnMap":{"0":{"name":"setAndFormatSearchParams","decl":{"start":{"line":2,"column":40},"end":{"line":9,"column":2}},"loc":{"start":{"line":2,"column":40},"end":{"line":9,"column":2}},"line":2}},"f":{"0":2}}
}
